Flow report for JunctionTrafficSimulator
Fri May 12 13:11:12 2017
Quartus II 64-Bit Version 13.1.0 Build 162 10/23/2013 SJ Web Edition


---------------------
; Table of Contents ;
---------------------
  1. Legal Notice
  2. Flow Summary
  3. Flow Settings
  4. Flow Non-Default Global Settings
  5. Flow Elapsed Time
  6. Flow OS Summary
  7. Flow Log
  8. Flow Messages
  9. Flow Suppressed Messages



----------------
; Legal Notice ;
----------------
Copyright (C) 1991-2013 Altera Corporation
Your use of Altera Corporation's design tools, logic functions 
and other software and tools, and its AMPP partner logic 
functions, and any output files from any of the foregoing 
(including device programming or simulation files), and any 
associated documentation or information are expressly subject 
to the terms and conditions of the Altera Program License 
Subscription Agreement, Altera MegaCore Function License 
Agreement, or other applicable license agreement, including, 
without limitation, that your use is for the sole purpose of 
programming logic devices manufactured by Altera and sold by 
Altera or its authorized distributors.  Please refer to the 
applicable agreement for further details.



+------------------------------------------------------------------------------+
; Flow Summary                                                                 ;
+---------------------------------+--------------------------------------------+
; Flow Status                     ; Successful - Fri May 12 13:11:12 2017      ;
; Quartus II 64-Bit Version       ; 13.1.0 Build 162 10/23/2013 SJ Web Edition ;
; Revision Name                   ; JunctionTrafficSimulator                   ;
; Top-level Entity Name           ; LT24Top                                    ;
; Family                          ; Cyclone V                                  ;
; Device                          ; 5CSEMA5F31C6                               ;
; Timing Models                   ; Preliminary                                ;
; Logic utilization (in ALMs)     ; 4,703 / 32,070 ( 15 % )                    ;
; Total registers                 ; 3206                                       ;
; Total pins                      ; 25 / 457 ( 5 % )                           ;
; Total virtual pins              ; 0                                          ;
; Total block memory bits         ; 0 / 4,065,280 ( 0 % )                      ;
; Total DSP Blocks                ; 74 / 87 ( 85 % )                           ;
; Total HSSI RX PCSs              ; 0                                          ;
; Total HSSI PMA RX Deserializers ; 0                                          ;
; Total HSSI TX PCSs              ; 0                                          ;
; Total HSSI TX Channels          ; 0                                          ;
; Total PLLs                      ; 0 / 6 ( 0 % )                              ;
; Total DLLs                      ; 0 / 4 ( 0 % )                              ;
+---------------------------------+--------------------------------------------+


+----------------------------------------------+
; Flow Settings                                ;
+-------------------+--------------------------+
; Option            ; Setting                  ;
+-------------------+--------------------------+
; Start date & time ; 05/12/2017 13:04:32      ;
; Main task         ; Compilation              ;
; Revision Name     ; JunctionTrafficSimulator ;
+-------------------+--------------------------+


+---------------------------------------------------------------------------------------------------------------------------------------+
; Flow Non-Default Global Settings                                                                                                      ;
+-------------------------------------+---------------------------------------+--------------------------+-------------+----------------+
; Assignment Name                     ; Value                                 ; Default Value            ; Entity Name ; Section Id     ;
+-------------------------------------+---------------------------------------+--------------------------+-------------+----------------+
; COMPILER_SIGNATURE_ID               ; 31032343839462.149459067212652        ; --                       ; --          ; --             ;
; EDA_OUTPUT_DATA_FORMAT              ; Verilog Hdl                           ; --                       ; --          ; eda_simulation ;
; EDA_SIMULATION_TOOL                 ; ModelSim-Altera (Verilog)             ; <None>                   ; --          ; --             ;
; MAX_CORE_JUNCTION_TEMP              ; 85                                    ; --                       ; --          ; --             ;
; MIN_CORE_JUNCTION_TEMP              ; 0                                     ; --                       ; --          ; --             ;
; PARTITION_COLOR                     ; 16764057                              ; --                       ; LT24Top     ; Top            ;
; PARTITION_FITTER_PRESERVATION_LEVEL ; PLACEMENT_AND_ROUTING                 ; --                       ; LT24Top     ; Top            ;
; PARTITION_NETLIST_TYPE              ; SOURCE                                ; --                       ; LT24Top     ; Top            ;
; POWER_BOARD_THERMAL_MODEL           ; None (CONSERVATIVE)                   ; --                       ; --          ; --             ;
; POWER_PRESET_COOLING_SOLUTION       ; 23 MM HEAT SINK WITH 200 LFPM AIRFLOW ; --                       ; --          ; --             ;
; PROJECT_OUTPUT_DIRECTORY            ; output_files                          ; --                       ; --          ; --             ;
; TOP_LEVEL_ENTITY                    ; LT24Top                               ; JunctionTrafficSimulator ; --          ; --             ;
+-------------------------------------+---------------------------------------+--------------------------+-------------+----------------+


+-------------------------------------------------------------------------------------------------------------------------------+
; Flow Elapsed Time                                                                                                             ;
+---------------------------+--------------+-------------------------+---------------------+------------------------------------+
; Module Name               ; Elapsed Time ; Average Processors Used ; Peak Virtual Memory ; Total CPU Time (on all processors) ;
+---------------------------+--------------+-------------------------+---------------------+------------------------------------+
; Analysis & Synthesis      ; 00:00:54     ; 1.0                     ; 713 MB              ; 00:00:33                           ;
; Fitter                    ; 00:03:45     ; 1.4                     ; 1821 MB             ; 00:04:11                           ;
; Assembler                 ; 00:00:34     ; 1.0                     ; 754 MB              ; 00:00:25                           ;
; TimeQuest Timing Analyzer ; 00:00:48     ; 1.6                     ; 1027 MB             ; 00:01:08                           ;
; EDA Netlist Writer        ; 00:00:08     ; 1.0                     ; 675 MB              ; 00:00:07                           ;
; Total                     ; 00:06:09     ; --                      ; --                  ; 00:06:24                           ;
+---------------------------+--------------+-------------------------+---------------------+------------------------------------+


+----------------------------------------------------------------------------------------+
; Flow OS Summary                                                                        ;
+---------------------------+------------------+-----------+------------+----------------+
; Module Name               ; Machine Hostname ; OS Name   ; OS Version ; Processor type ;
+---------------------------+------------------+-----------+------------+----------------+
; Analysis & Synthesis      ; DESKTOP-E1GSR4J  ; Windows 7 ; 6.2        ; x86_64         ;
; Fitter                    ; DESKTOP-E1GSR4J  ; Windows 7 ; 6.2        ; x86_64         ;
; Assembler                 ; DESKTOP-E1GSR4J  ; Windows 7 ; 6.2        ; x86_64         ;
; TimeQuest Timing Analyzer ; DESKTOP-E1GSR4J  ; Windows 7 ; 6.2        ; x86_64         ;
; EDA Netlist Writer        ; DESKTOP-E1GSR4J  ; Windows 7 ; 6.2        ; x86_64         ;
+---------------------------+------------------+-----------+------------+----------------+


------------
; Flow Log ;
------------
quartus_map --read_settings_files=on --write_settings_files=off JunctionTrafficSimulator -c JunctionTrafficSimulator
quartus_fit --read_settings_files=off --write_settings_files=off JunctionTrafficSimulator -c JunctionTrafficSimulator
quartus_asm --read_settings_files=off --write_settings_files=off JunctionTrafficSimulator -c JunctionTrafficSimulator
quartus_sta JunctionTrafficSimulator -c JunctionTrafficSimulator
quartus_eda --read_settings_files=off --write_settings_files=off JunctionTrafficSimulator -c JunctionTrafficSimulator



